TN:
SF:global.d.ts
FNF:0
FNH:0
LF:0
LH:0
BRF:0
BRH:0
end_of_record
TN:
SF:jest.config.js
FNF:0
FNH:0
DA:1,0
LF:1
LH:0
BRF:0
BRH:0
end_of_record
TN:
SF:next-env.d.ts
FNF:0
FNH:0
LF:0
LH:0
BRF:0
BRH:0
end_of_record
TN:
SF:next.config.js
FNF:0
FNH:0
DA:2,0
DA:3,0
DA:7,0
LF:3
LH:0
BRF:0
BRH:0
end_of_record
TN:
SF:postcss.config.js
FNF:0
FNH:0
DA:3,0
LF:1
LH:0
BRF:0
BRH:0
end_of_record
TN:
SF:tailwind.config.js
FNF:0
FNH:0
DA:1,0
DA:3,0
LF:2
LH:0
BRF:0
BRH:0
end_of_record
TN:
SF:components\DocsLayout.tsx
FN:12,(anonymous_0)
FN:47,(anonymous_1)
FN:64,(anonymous_2)
FN:71,(anonymous_3)
FN:155,(anonymous_4)
FNF:5
FNH:4
FNDA:6,(anonymous_0)
FNDA:7,(anonymous_1)
FNDA:7,(anonymous_2)
FNDA:1,(anonymous_3)
FNDA:0,(anonymous_4)
DA:12,4
DA:18,6
DA:19,6
DA:48,7
DA:65,7
DA:72,1
DA:155,0
LF:7
LH:6
BRDA:14,0,0,2
BRDA:16,1,0,2
BRDA:35,2,0,6
BRDA:35,2,1,5
BRF:4
BRH:4
end_of_record
TN:
SF:components\Footer.tsx
FN:3,(anonymous_0)
FNF:1
FNH:1
FNDA:7,(anonymous_0)
DA:3,5
DA:4,7
DA:5,7
LF:3
LH:3
BRF:0
BRH:0
end_of_record
TN:
SF:components\MainLayout.tsx
FN:12,(anonymous_0)
FN:85,(anonymous_1)
FN:100,(anonymous_2)
FNF:3
FNH:1
FNDA:3,(anonymous_0)
FNDA:0,(anonymous_1)
FNDA:0,(anonymous_2)
DA:12,2
DA:17,3
DA:86,0
DA:101,0
LF:4
LH:2
BRDA:14,0,0,1
BRDA:15,1,0,2
BRF:2
BRH:2
end_of_record
TN:
SF:config\jest\cssTransform.js
FN:2,(anonymous_0)
FN:5,(anonymous_1)
FNF:2
FNH:0
FNDA:0,(anonymous_0)
FNDA:0,(anonymous_1)
DA:1,0
DA:3,0
DA:6,0
LF:3
LH:0
BRF:0
BRH:0
end_of_record
TN:
SF:pages\_app.tsx
FN:4,MyApp
FNF:1
FNH:0
FNDA:0,MyApp
DA:5,0
LF:1
LH:0
BRF:0
BRH:0
end_of_record
TN:
SF:pages\_document.tsx
FN:4,(anonymous_0)
FNF:1
FNH:0
FNDA:0,(anonymous_0)
DA:5,0
LF:1
LH:0
BRF:0
BRH:0
end_of_record
TN:
SF:pages\code-of-conduct.tsx
FN:1,(anonymous_0)
FNF:1
FNH:0
FNDA:0,(anonymous_0)
DA:1,0
DA:2,0
LF:2
LH:0
BRF:0
BRH:0
end_of_record
TN:
SF:pages\index.tsx
FN:4,(anonymous_0)
FNF:1
FNH:1
FNDA:3,(anonymous_0)
DA:4,1
DA:5,3
LF:2
LH:2
BRF:0
BRH:0
end_of_record
TN:
SF:pages\api\hello.js
FN:3,helloAPI
FNF:1
FNH:0
FNDA:0,helloAPI
DA:4,0
DA:5,0
LF:2
LH:0
BRF:0
BRH:0
end_of_record
TN:
SF:pages\health-assistant\concepts-and-terms.tsx
FN:33,(anonymous_0)
FN:51,(anonymous_1)
FNF:2
FNH:2
FNDA:2,(anonymous_0)
FNDA:8,(anonymous_1)
DA:5,1
DA:33,1
DA:34,2
DA:52,8
LF:4
LH:4
BRF:0
BRH:0
end_of_record
TN:
SF:pages\health-assistant\health-conditions.tsx
FN:41,(anonymous_0)
FN:44,(anonymous_1)
FN:51,(anonymous_2)
FN:69,(anonymous_3)
FN:111,(anonymous_4)
FN:130,(anonymous_5)
FNF:6
FNH:4
FNDA:22,(anonymous_0)
FNDA:32,(anonymous_1)
FNDA:2,(anonymous_2)
FNDA:44,(anonymous_3)
FNDA:0,(anonymous_4)
FNDA:0,(anonymous_5)
DA:16,1
DA:41,22
DA:44,32
DA:51,1
DA:52,2
DA:70,44
DA:112,0
DA:131,0
LF:8
LH:6
BRDA:82,0,0,0
BRDA:82,0,1,44
BRDA:85,1,0,44
BRDA:85,1,1,0
BRF:4
BRH:2
end_of_record
TN:
SF:pages\health-assistant\index.tsx
FN:5,(anonymous_0)
FNF:1
FNH:1
FNDA:2,(anonymous_0)
DA:5,1
DA:6,2
LF:2
LH:2
BRF:0
BRH:0
end_of_record
TN:
SF:pages\health-assistant\components\SidebarContent.tsx
FN:9,(anonymous_0)
FN:14,(anonymous_1)
FNF:2
FNH:1
FNDA:12,(anonymous_0)
FNDA:0,(anonymous_1)
DA:9,3
DA:12,12
DA:14,0
DA:15,0
DA:20,0
LF:5
LH:2
BRDA:10,0,0,12
BRDA:15,1,0,0
BRDA:15,1,1,0
BRDA:16,2,0,0
BRDA:16,2,1,0
BRDA:49,3,0,0
BRDA:49,3,1,0
BRDA:59,4,0,0
BRDA:59,4,1,0
BRF:9
BRH:1
end_of_record
TN:
SF:pages\symptom-assessment\concepts-and-terms.tsx
FN:76,(anonymous_0)
FN:94,(anonymous_1)
FNF:2
FNH:0
FNDA:0,(anonymous_0)
FNDA:0,(anonymous_1)
DA:5,0
DA:76,0
DA:77,0
DA:95,0
LF:4
LH:0
BRF:0
BRH:0
end_of_record
TN:
SF:pages\symptom-assessment\health-conditions.tsx
FN:44,(anonymous_0)
FN:47,(anonymous_1)
FN:54,(anonymous_2)
FN:72,(anonymous_3)
FN:114,(anonymous_4)
FN:129,(anonymous_5)
FNF:6
FNH:0
FNDA:0,(anonymous_0)
FNDA:0,(anonymous_1)
FNDA:0,(anonymous_2)
FNDA:0,(anonymous_3)
FNDA:0,(anonymous_4)
FNDA:0,(anonymous_5)
DA:19,0
DA:44,0
DA:47,0
DA:54,0
DA:55,0
DA:73,0
DA:114,0
DA:129,0
LF:8
LH:0
BRDA:85,0,0,0
BRDA:85,0,1,0
BRDA:88,1,0,0
BRDA:88,1,1,0
BRF:4
BRH:0
end_of_record
TN:
SF:pages\symptom-assessment\index.tsx
FN:5,(anonymous_0)
FNF:1
FNH:0
FNDA:0,(anonymous_0)
DA:5,0
DA:6,0
LF:2
LH:0
BRF:0
BRH:0
end_of_record
TN:
SF:pages\symptom-assessment\components\SidebarContent.tsx
FN:9,(anonymous_0)
FN:14,(anonymous_1)
FNF:2
FNH:0
FNDA:0,(anonymous_0)
FNDA:0,(anonymous_1)
DA:9,0
DA:12,0
DA:14,0
DA:15,0
DA:20,0
LF:5
LH:0
BRDA:10,0,0,0
BRDA:15,1,0,0
BRDA:15,1,1,0
BRDA:16,2,0,0
BRDA:16,2,1,0
BRDA:49,3,0,0
BRDA:49,3,1,0
BRDA:59,4,0,0
BRDA:59,4,1,0
BRF:9
BRH:0
end_of_record
